<?xml version="1.0" encoding="UTF-8"?>
<!-- Generated by org.testng.reporters.JUnitReportReporter -->
<testsuite hostname="Dilip" failures="0" tests="2" name="runners.ECommRunner" time="6.861" errors="0" timestamp="2023-03-14T17:58:27 IST" skipped="0">
  <testcase classname="runners.ECommRunner" name="runScenario" time="0.372"/>
  <system-out/>
  <testcase classname="runners.ECommRunner" name="runScenario" time="6.489"/>
  <system-out/>
</testsuite> <!-- runners.ECommRunner -->
